<?xml version="1.0" encoding="UTF-8"?>
<testsuite xmlns:xsi="http://www.w3.org/2001/XMLSchema-instance" xsi:noNamespaceSchemaLocation="https://maven.apache.org/surefire/maven-surefire-plugin/xsd/surefire-test-report-3.0.xsd" version="3.0" name="ca.concordia.assignment2.Assignment2ApplicationTests" time="3.815" tests="1" errors="0" skipped="0" failures="0">
  <properties>
[...]
</properties>
  <testcase name="contextLoads" classname="ca.concordia.assignment2.Assignment2ApplicationTests" time="0.874">
    <system-out><![CDATA[00:53:04.766 [main] INFO org.springframework.test.context.support.AnnotationConfigContextLoaderUtils -- Could not detect default configuration classes for test class [ca.concordia.assignment2.Assignment2ApplicationTests]: Assignment2ApplicationTests does not declare any static, non-private, non-final, nested classes annotated with @Configuration.
00:53:04.863 [main] INFO org.springframework.boot.test.context.SpringBootTestContextBootstrapper -- Found @SpringBootConfiguration ca.concordia.assignment2.Assignment2Application for test class ca.concordia.assignment2.Assignment2ApplicationTests

  .   ____          _            __ _ _
 /\\ / ___'_ __ _ _(_)_ __  __ _ \ \ \ \
( ( )\___ | '_ | '_| | '_ \/ _` | \ \ \ \
 \\/  ___)| |_)| | | | | || (_| |  ) ) ) )
  '  |____| .__|_| |_|_| |_\__, | / / / /
 =========|_|==============|___/=/_/_/_/

 :: Spring Boot ::                (v3.3.2)

2024-08-16T00:53:05.344-04:00  INFO 30220 --- [assignment2] [           main] c.c.a.Assignment2ApplicationTests        : Starting Assignment2ApplicationTests using Java 22.0.1 with PID 30220 (started by mkhanahmadi in E:\Khanahmadi\Concordia\Courses\Software Engineering\project\coen6311\coen6311\assignment2)
2024-08-16T00:53:05.345-04:00  INFO 30220 --- [assignment2] [           main] c.c.a.Assignment2ApplicationTests        : No active profile set, falling back to 1 default profile: "default"
2024-08-16T00:53:05.992-04:00  INFO 30220 --- [assignment2] [           main] .s.d.r.c.RepositoryConfigurationDelegate : Bootstrapping Spring Data MongoDB repositories in DEFAULT mode.
2024-08-16T00:53:06.011-04:00  INFO 30220 --- [assignment2] [           main] .s.d.r.c.RepositoryConfigurationDelegate : Finished Spring Data repository scanning in 13 ms. Found 0 MongoDB repository interfaces.
2024-08-16T00:53:07.013-04:00  INFO 30220 --- [assignment2] [s3l.mongodb.net] org.mongodb.driver.cluster               : Adding discovered server cluster0-shard-00-02.h7s3l.mongodb.net:27017 to client view of cluster
2024-08-16T00:53:07.040-04:00  INFO 30220 --- [assignment2] [           main] org.mongodb.driver.client                : MongoClient with metadata {"application": {"name": "Cluster0"}, "driver": {"name": "mongo-java-driver|sync|spring-boot", "version": "5.0.1"}, "os": {"type": "Windows", "name": "Windows 10", "architecture": "amd64", "version": "10.0"}, "platform": "Java/Oracle Corporation/22.0.1+8-16"} created with settings MongoClientSettings{readPreference=primary, writeConcern=WriteConcern{w=majority, wTimeout=null ms, journal=null}, retryWrites=true, retryReads=true, readConcern=ReadConcern{level=null}, credential=MongoCredential{mechanism=null, userName='mkhanah', source='admin', password=<hidden>, mechanismProperties=<hidden>}, transportSettings=null, commandListeners=[], codecRegistry=ProvidersCodecRegistry{codecProviders=[ValueCodecProvider{}, BsonValueCodecProvider{}, DBRefCodecProvider{}, DBObjectCodecProvider{}, DocumentCodecProvider{}, CollectionCodecProvider{}, IterableCodecProvider{}, MapCodecProvider{}, GeoJsonCodecProvider{}, GridFSFileCodecProvider{}, Jsr310CodecProvider{}, JsonObjectCodecProvider{}, BsonCodecProvider{}, EnumCodecProvider{}, com.mongodb.client.model.mql.ExpressionCodecProvider@498a612d, com.mongodb.Jep395RecordCodecProvider@1e1237ab, com.mongodb.KotlinCodecProvider@4dfdfe7d]}, loggerSettings=LoggerSettings{maxDocumentLength=1000}, clusterSettings={hosts=[127.0.0.1:27017], srvHost=cluster0.h7s3l.mongodb.net, srvServiceName=mongodb, mode=MULTIPLE, requiredClusterType=REPLICA_SET, requiredReplicaSetName='atlas-ms2s6m-shard-0', serverSelector='null', clusterListeners='[]', serverSelectionTimeout='30000 ms', localThreshold='15 ms'}, socketSettings=SocketSettings{connectTimeoutMS=10000, readTimeoutMS=0, receiveBufferSize=0, proxySettings=ProxySettings{host=null, port=null, username=null, password=null}}, heartbeatSocketSettings=SocketSettings{connectTimeoutMS=10000, readTimeoutMS=10000, receiveBufferSize=0, proxySettings=ProxySettings{host=null, port=null, username=null, password=null}}, connectionPoolSettings=ConnectionPoolSettings{maxSize=100, minSize=0, maxWaitTimeMS=120000, maxConnectionLifeTimeMS=0, maxConnectionIdleTimeMS=0, maintenanceInitialDelayMS=0, maintenanceFrequencyMS=60000, connectionPoolListeners=[], maxConnecting=2}, serverSettings=ServerSettings{heartbeatFrequencyMS=10000, minHeartbeatFrequencyMS=500, serverListeners='[]', serverMonitorListeners='[]'}, sslSettings=SslSettings{enabled=true, invalidHostNameAllowed=false, context=null}, applicationName='Cluster0', compressorList=[], uuidRepresentation=JAVA_LEGACY, serverApi=null, autoEncryptionSettings=null, dnsClient=null, inetAddressResolver=null, contextProvider=null}
2024-08-16T00:53:07.051-04:00  INFO 30220 --- [assignment2] [s3l.mongodb.net] org.mongodb.driver.cluster               : Adding discovered server cluster0-shard-00-00.h7s3l.mongodb.net:27017 to client view of cluster
2024-08-16T00:53:07.053-04:00  INFO 30220 --- [assignment2] [s3l.mongodb.net] org.mongodb.driver.cluster               : Adding discovered server cluster0-shard-00-01.h7s3l.mongodb.net:27017 to client view of cluster
2024-08-16T00:53:07.522-04:00  INFO 30220 --- [assignment2] [           main] c.c.a.Assignment2ApplicationTests        : Started Assignment2ApplicationTests in 2.514 seconds (process running for 3.386)
2024-08-16T00:53:07.807-04:00  INFO 30220 --- [assignment2] [ngodb.net:27017] org.mongodb.driver.cluster               : Monitor thread successfully connected to server with description ServerDescription{address=cluster0-shard-00-02.h7s3l.mongodb.net:27017, type=REPLICA_SET_SECONDARY, state=CONNECTED, ok=true, minWireVersion=0, maxWireVersion=21, maxDocumentSize=16777216, logicalSessionTimeoutMinutes=30, roundTripTimeNanos=426231300, setName='atlas-ms2s6m-shard-0', canonicalAddress=cluster0-shard-00-02.h7s3l.mongodb.net:27017, hosts=[cluster0-shard-00-02.h7s3l.mongodb.net:27017, cluster0-shard-00-01.h7s3l.mongodb.net:27017, cluster0-shard-00-00.h7s3l.mongodb.net:27017], passives=[], arbiters=[], primary='cluster0-shard-00-01.h7s3l.mongodb.net:27017', tagSet=TagSet{[Tag{name='availabilityZone', value='usw2-az3'}, Tag{name='diskState', value='READY'}, Tag{name='nodeType', value='ELECTABLE'}, Tag{name='provider', value='AWS'}, Tag{name='region', value='US_WEST_2'}, Tag{name='workloadType', value='OPERATIONAL'}]}, electionId=null, setVersion=15, topologyVersion=TopologyVersion{processId=66b679700a1bfef627befe02, counter=3}, lastWriteDate=Fri Aug 16 00:53:07 EDT 2024, lastUpdateTimeNanos=296449259496100}
2024-08-16T00:53:07.808-04:00  INFO 30220 --- [assignment2] [ngodb.net:27017] org.mongodb.driver.cluster               : Monitor thread successfully connected to server with description ServerDescription{address=cluster0-shard-00-01.h7s3l.mongodb.net:27017, type=REPLICA_SET_PRIMARY, state=CONNECTED, ok=true, minWireVersion=0, maxWireVersion=21, maxDocumentSize=16777216, logicalSessionTimeoutMinutes=30, roundTripTimeNanos=428921800, setName='atlas-ms2s6m-shard-0', canonicalAddress=cluster0-shard-00-01.h7s3l.mongodb.net:27017, hosts=[cluster0-shard-00-02.h7s3l.mongodb.net:27017, cluster0-shard-00-01.h7s3l.mongodb.net:27017, cluster0-shard-00-00.h7s3l.mongodb.net:27017], passives=[], arbiters=[], primary='cluster0-shard-00-01.h7s3l.mongodb.net:27017', tagSet=TagSet{[Tag{name='availabilityZone', value='usw2-az1'}, Tag{name='diskState', value='READY'}, Tag{name='nodeType', value='ELECTABLE'}, Tag{name='provider', value='AWS'}, Tag{name='region', value='US_WEST_2'}, Tag{name='workloadType', value='OPERATIONAL'}]}, electionId=7fffffff0000000000000105, setVersion=15, topologyVersion=TopologyVersion{processId=66b677ba719e670e9aa5f714, counter=6}, lastWriteDate=Fri Aug 16 00:53:07 EDT 2024, lastUpdateTimeNanos=296449262835700}
2024-08-16T00:53:07.808-04:00  INFO 30220 --- [assignment2] [ngodb.net:27017] org.mongodb.driver.cluster               : Monitor thread successfully connected to server with description ServerDescription{address=cluster0-shard-00-00.h7s3l.mongodb.net:27017, type=REPLICA_SET_SECONDARY, state=CONNECTED, ok=true, minWireVersion=0, maxWireVersion=21, maxDocumentSize=16777216, logicalSessionTimeoutMinutes=30, roundTripTimeNanos=429259500, setName='atlas-ms2s6m-shard-0', canonicalAddress=cluster0-shard-00-00.h7s3l.mongodb.net:27017, hosts=[cluster0-shard-00-02.h7s3l.mongodb.net:27017, cluster0-shard-00-01.h7s3l.mongodb.net:27017, cluster0-shard-00-00.h7s3l.mongodb.net:27017], passives=[], arbiters=[], primary='cluster0-shard-00-01.h7s3l.mongodb.net:27017', tagSet=TagSet{[Tag{name='availabilityZone', value='usw2-az2'}, Tag{name='diskState', value='READY'}, Tag{name='nodeType', value='ELECTABLE'}, Tag{name='provider', value='AWS'}, Tag{name='region', value='US_WEST_2'}, Tag{name='workloadType', value='OPERATIONAL'}]}, electionId=null, setVersion=15, topologyVersion=TopologyVersion{processId=66b6766388f476496f0dcd81, counter=4}, lastWriteDate=Fri Aug 16 00:53:07 EDT 2024, lastUpdateTimeNanos=296449262855200}
2024-08-16T00:53:07.811-04:00  INFO 30220 --- [assignment2] [ngodb.net:27017] org.mongodb.driver.cluster               : Discovered replica set primary cluster0-shard-00-01.h7s3l.mongodb.net:27017 with max election id 7fffffff0000000000000105 and max set version 15
]]></system-out>
    <system-err><![CDATA[WARNING: A Java agent has been loaded dynamically (C:\Users\mkhanahmadi\.m2\repository\net\bytebuddy\byte-buddy-agent\1.14.18\byte-buddy-agent-1.14.18.jar)
WARNING: If a serviceability tool is in use, please run with -XX:+EnableDynamicAgentLoading to hide this warning
WARNING: If a serviceability tool is not in use, please run with -Djdk.instrument.traceUsage for more information
WARNING: Dynamic loading of agents will be disallowed by default in a future release
]]></system-err>
  </testcase>
</testsuite>